TN:
SF:src/entity/address.ts
FN:18,validate
FN:9,Address
FNF:2
FNH:2
FNDA:1,validate
FNDA:1,Address
DA:1,1
DA:2,1
DA:3,1
DA:4,1
DA:5,1
DA:6,1
DA:7,1
DA:8,1
DA:9,1
DA:10,1
DA:11,1
DA:12,1
DA:13,1
DA:14,1
DA:15,1
DA:16,1
DA:17,1
DA:18,1
DA:19,1
DA:20,0
DA:21,0
DA:22,1
DA:23,1
DA:24,0
DA:25,0
DA:26,1
DA:27,1
DA:28,0
DA:29,0
DA:30,1
DA:31,1
DA:32,0
DA:33,0
DA:34,1
DA:35,1
LF:35
LH:27
BRDA:18,0,0,1
BRDA:19,1,0,0
BRDA:23,2,0,0
BRDA:27,3,0,0
BRDA:31,4,0,0
BRDA:9,5,0,1
BRF:6
BRH:2
end_of_record
TN:
SF:src/entity/custumer.spec.ts
FNF:0
FNH:0
DA:1,1
DA:2,1
DA:3,1
DA:4,1
DA:5,1
DA:6,1
DA:7,1
DA:8,1
DA:9,1
DA:10,1
DA:11,1
DA:12,1
DA:13,1
DA:14,1
DA:15,1
DA:16,1
DA:17,1
DA:18,1
DA:19,1
DA:20,1
DA:21,1
DA:22,1
DA:23,1
DA:24,1
DA:25,1
DA:26,1
DA:27,1
DA:28,1
DA:29,1
DA:30,1
DA:31,1
DA:32,1
DA:33,1
DA:34,1
DA:35,1
DA:36,1
DA:37,1
DA:38,1
DA:39,1
DA:40,1
DA:41,1
LF:41
LH:41
BRF:0
BRH:0
end_of_record
TN:
SF:src/entity/custumer.ts
FN:16,get name
FN:20,set Address
FN:24,isActive
FN:28,validate
FN:38,changeName
FN:43,activate
FN:50,deactivate
FN:10,Custumer
FNF:8
FNH:8
FNDA:1,get name
FNDA:1,set Address
FNDA:2,isActive
FNDA:5,validate
FNDA:1,changeName
FNDA:2,activate
FNDA:1,deactivate
FNDA:4,Custumer
DA:1,1
DA:2,1
DA:3,1
DA:4,1
DA:5,1
DA:6,1
DA:7,1
DA:8,1
DA:9,1
DA:10,1
DA:11,4
DA:12,4
DA:13,4
DA:14,4
DA:15,1
DA:16,1
DA:17,1
DA:18,1
DA:19,1
DA:20,1
DA:21,1
DA:22,1
DA:23,1
DA:24,1
DA:25,2
DA:26,2
DA:27,1
DA:28,1
DA:29,5
DA:30,0
DA:31,0
DA:32,5
DA:33,5
DA:34,0
DA:35,0
DA:36,5
DA:37,1
DA:38,1
DA:39,1
DA:40,1
DA:41,1
DA:42,1
DA:43,1
DA:44,2
DA:45,1
DA:46,1
DA:47,1
DA:48,1
DA:49,1
DA:50,1
DA:51,1
DA:52,1
DA:53,1
LF:53
LH:49
BRDA:16,0,0,1
BRDA:20,1,0,1
BRDA:24,2,0,2
BRDA:28,3,0,5
BRDA:29,4,0,0
BRDA:33,5,0,0
BRDA:38,6,0,1
BRDA:43,7,0,2
BRDA:44,8,0,1
BRDA:50,9,0,1
BRDA:10,10,0,4
BRF:11
BRH:9
end_of_record
TN:
SF:src/entity/order.ts
FN:19,validate
FN:32,_items.some
FN:37,total
FN:38,_items.reduce
FN:11,Order
FNF:5
FNH:5
FNDA:6,validate
FNDA:4,_items.some
FNDA:8,total
FNDA:7,_items.reduce
FNDA:6,Order
DA:1,1
DA:2,1
DA:3,1
DA:4,1
DA:5,1
DA:6,1
DA:7,1
DA:8,1
DA:9,1
DA:10,1
DA:11,1
DA:12,6
DA:13,6
DA:14,6
DA:15,6
DA:16,6
DA:17,6
DA:18,1
DA:19,1
DA:20,6
DA:21,1
DA:22,1
DA:23,6
DA:24,6
DA:25,1
DA:26,1
DA:27,4
DA:28,6
DA:29,1
DA:30,1
DA:31,6
DA:32,6
DA:33,1
DA:34,1
DA:35,6
DA:36,1
DA:37,1
DA:38,8
DA:39,8
DA:40,1
DA:41,1
LF:41
LH:41
BRDA:19,0,0,6
BRDA:20,1,0,1
BRDA:24,2,0,1
BRDA:27,3,0,4
BRDA:28,4,0,1
BRDA:32,5,0,1
BRDA:32,6,0,4
BRDA:37,7,0,8
BRDA:38,8,0,7
BRDA:11,9,0,6
BRF:10
BRH:10
end_of_record
TN:
SF:src/entity/order_item.ts
FN:16,get price
FN:20,get quantity
FN:8,OrderItem
FNF:3
FNH:3
FNDA:7,get price
FNDA:4,get quantity
FNDA:3,OrderItem
DA:1,1
DA:2,1
DA:3,1
DA:4,1
DA:5,1
DA:6,1
DA:7,1
DA:8,1
DA:9,3
DA:10,3
DA:11,3
DA:12,3
DA:13,3
DA:14,3
DA:15,1
DA:16,1
DA:17,7
DA:18,7
DA:19,1
DA:20,1
DA:21,4
DA:22,4
DA:23,1
DA:24,1
LF:24
LH:24
BRDA:16,0,0,7
BRDA:20,1,0,4
BRDA:8,2,0,3
BRF:3
BRH:3
end_of_record
TN:
SF:src/entity/product.ts
FN:13,get name
FN:17,get price
FN:21,changeName
FN:26,changePrice
FN:31,validate
FN:6,Product
FNF:6
FNH:6
FNDA:1,get name
FNDA:1,get price
FNDA:1,changeName
FNDA:1,changePrice
FNDA:7,validate
FNDA:5,Product
DA:1,1
DA:2,1
DA:3,1
DA:4,1
DA:5,1
DA:6,1
DA:7,5
DA:8,5
DA:9,5
DA:10,5
DA:11,5
DA:12,1
DA:13,1
DA:14,1
DA:15,1
DA:16,1
DA:17,1
DA:18,1
DA:19,1
DA:20,1
DA:21,1
DA:22,1
DA:23,1
DA:24,1
DA:25,1
DA:26,1
DA:27,1
DA:28,1
DA:29,1
DA:30,1
DA:31,1
DA:32,7
DA:33,1
DA:34,1
DA:35,6
DA:36,7
DA:37,1
DA:38,1
DA:39,7
DA:40,7
DA:41,1
DA:42,1
DA:43,7
DA:44,1
LF:44
LH:44
BRDA:13,0,0,1
BRDA:17,1,0,1
BRDA:21,2,0,1
BRDA:26,3,0,1
BRDA:31,4,0,7
BRDA:32,5,0,1
BRDA:35,6,0,6
BRDA:36,7,0,1
BRDA:40,8,0,1
BRDA:6,9,0,5
BRF:10
BRH:10
end_of_record
