TN:
SF:src/entity/address.ts
FN:18,validate
FN:9,Address
FNF:2
FNH:2
FNDA:1,validate
FNDA:1,Address
DA:1,1
DA:2,1
DA:3,1
DA:4,1
DA:5,1
DA:6,1
DA:7,1
DA:8,1
DA:9,1
DA:10,1
DA:11,1
DA:12,1
DA:13,1
DA:14,1
DA:15,1
DA:16,1
DA:17,1
DA:18,1
DA:19,1
DA:20,0
DA:21,0
DA:22,1
DA:23,1
DA:24,0
DA:25,0
DA:26,1
DA:27,1
DA:28,0
DA:29,0
DA:30,1
DA:31,1
DA:32,0
DA:33,0
DA:34,1
DA:35,1
LF:35
LH:27
BRDA:18,0,0,1
BRDA:19,1,0,0
BRDA:23,2,0,0
BRDA:27,3,0,0
BRDA:31,4,0,0
BRDA:9,5,0,1
BRF:6
BRH:2
end_of_record
TN:
SF:src/entity/custumer.spec.ts
FNF:0
FNH:0
DA:1,1
DA:2,1
DA:3,1
DA:4,1
DA:5,1
DA:6,1
DA:7,1
DA:8,1
DA:9,1
DA:10,1
DA:11,1
DA:12,1
DA:13,1
DA:14,1
DA:15,1
DA:16,1
DA:17,1
DA:18,1
DA:19,1
DA:20,1
DA:21,1
DA:22,1
DA:23,1
DA:24,1
DA:25,1
DA:26,1
DA:27,1
DA:28,1
DA:29,1
DA:30,1
DA:31,1
DA:32,1
DA:33,1
DA:34,1
DA:35,1
DA:36,1
DA:37,1
DA:38,1
DA:39,1
DA:40,1
DA:41,1
LF:41
LH:41
BRF:0
BRH:0
end_of_record
TN:
SF:src/entity/custumer.ts
FN:16,get name
FN:20,set Address
FN:24,isActive
FN:28,validate
FN:38,changeName
FN:43,activate
FN:50,deactivate
FN:10,Custumer
FNF:8
FNH:8
FNDA:1,get name
FNDA:1,set Address
FNDA:2,isActive
FNDA:5,validate
FNDA:1,changeName
FNDA:2,activate
FNDA:1,deactivate
FNDA:4,Custumer
DA:1,1
DA:2,1
DA:3,1
DA:4,1
DA:5,1
DA:6,1
DA:7,1
DA:8,1
DA:9,1
DA:10,1
DA:11,4
DA:12,4
DA:13,4
DA:14,4
DA:15,1
DA:16,1
DA:17,1
DA:18,1
DA:19,1
DA:20,1
DA:21,1
DA:22,1
DA:23,1
DA:24,1
DA:25,2
DA:26,2
DA:27,1
DA:28,1
DA:29,5
DA:30,0
DA:31,0
DA:32,5
DA:33,5
DA:34,0
DA:35,0
DA:36,5
DA:37,1
DA:38,1
DA:39,1
DA:40,1
DA:41,1
DA:42,1
DA:43,1
DA:44,2
DA:45,1
DA:46,1
DA:47,1
DA:48,1
DA:49,1
DA:50,1
DA:51,1
DA:52,1
DA:53,1
LF:53
LH:49
BRDA:16,0,0,1
BRDA:20,1,0,1
BRDA:24,2,0,2
BRDA:28,3,0,5
BRDA:29,4,0,0
BRDA:33,5,0,0
BRDA:38,6,0,1
BRDA:43,7,0,2
BRDA:44,8,0,1
BRDA:50,9,0,1
BRDA:10,10,0,4
BRF:11
BRH:9
end_of_record
TN:
SF:src/entity/order.ts
FN:19,validate
FN:33,total
FN:34,_items.reduce
FN:11,Order
FNF:4
FNH:4
FNDA:5,validate
FNDA:7,total
FNDA:6,_items.reduce
FNDA:5,Order
DA:1,1
DA:2,1
DA:3,1
DA:4,1
DA:5,1
DA:6,1
DA:7,1
DA:8,1
DA:9,1
DA:10,1
DA:11,1
DA:12,5
DA:13,5
DA:14,5
DA:15,5
DA:16,5
DA:17,5
DA:18,1
DA:19,1
DA:20,5
DA:21,1
DA:22,1
DA:23,5
DA:24,5
DA:25,1
DA:26,1
DA:27,3
DA:28,5
DA:29,1
DA:30,1
DA:31,5
DA:32,1
DA:33,1
DA:34,7
DA:35,7
DA:36,1
DA:37,1
LF:37
LH:37
BRDA:19,0,0,5
BRDA:20,1,0,1
BRDA:24,2,0,1
BRDA:27,3,0,3
BRDA:28,4,0,1
BRDA:33,5,0,7
BRDA:34,6,0,6
BRDA:11,7,0,5
BRF:8
BRH:8
end_of_record
TN:
SF:src/entity/order_item.ts
FN:6,OrderItem
FNF:1
FNH:1
FNDA:2,OrderItem
DA:1,1
DA:2,1
DA:3,1
DA:4,1
DA:5,1
DA:6,1
DA:7,2
DA:8,2
DA:9,2
DA:10,2
DA:11,1
DA:12,1
LF:12
LH:12
BRDA:6,0,0,2
BRF:1
BRH:1
end_of_record
